<?xml version="1.0" encoding="utf-8"?><testsuites name="pytest tests"><testsuite name="pytest" errors="0" failures="0" skipped="0" tests="21" time="28.547" timestamp="2026-03-13T13:24:55.891031+00:00" hostname="agent-env-6efd89b8-aced-4f06-b722-055836b8538c"><testcase classname="backend.tests.test_task_management_kanban.TestCabinetFocus" name="test_focus_returns_structure" time="4.792" /><testcase classname="backend.tests.test_task_management_kanban.TestCabinetFocus" name="test_focus_week_calendar_has_7_days" time="1.852" /><testcase classname="backend.tests.test_task_management_kanban.TestCabinetFocus" name="test_focus_requires_auth" time="0.152" /><testcase classname="backend.tests.test_task_management_kanban.TestMyTasksScope" name="test_scope_my_returns_only_assigned_tasks" time="1.277" /><testcase classname="backend.tests.test_task_management_kanban.TestMyTasksScope" name="test_scope_all_returns_all_tasks" time="0.638" /><testcase classname="backend.tests.test_task_management_kanban.TestMyTasksScope" name="test_scope_all_returns_more_than_my" time="1.316" /><testcase classname="backend.tests.test_task_management_kanban.TestMyTasksScope" name="test_default_scope_is_my" time="1.328" /><testcase classname="backend.tests.test_task_management_kanban.TestTaskCRUD" name="test_create_task_with_assigned_to_id" time="0.662" /><testcase classname="backend.tests.test_task_management_kanban.TestTaskCRUD" name="test_create_task_with_different_assignee" time="0.675" /><testcase classname="backend.tests.test_task_management_kanban.TestTaskCRUD" name="test_get_created_task" time="0.674" /><testcase classname="backend.tests.test_task_management_kanban.TestTaskCRUD" name="test_update_task_status" time="1.204" /><testcase classname="backend.tests.test_task_management_kanban.TestTaskCRUD" name="test_update_task_status_to_done" time="1.195" /><testcase classname="backend.tests.test_task_management_kanban.TestTaskCRUD" name="test_update_task_assignee" time="1.191" /><testcase classname="backend.tests.test_task_management_kanban.TestTasksStaff" name="test_get_staff_returns_list" time="0.670" /><testcase classname="backend.tests.test_task_management_kanban.TestTasksStaff" name="test_staff_has_required_fields" time="0.716" /><testcase classname="backend.tests.test_task_management_kanban.TestFocusWidgetWithTasks" name="test_create_task_due_today" time="0.662" /><testcase classname="backend.tests.test_task_management_kanban.TestFocusWidgetWithTasks" name="test_focus_shows_due_today_task" time="1.871" /><testcase classname="backend.tests.test_task_management_kanban.TestFocusWidgetWithTasks" name="test_create_in_progress_task" time="1.864" /><testcase classname="backend.tests.test_task_management_kanban.TestFocusWidgetWithTasks" name="test_focus_shows_in_progress_task" time="1.884" /><testcase classname="backend.tests.test_task_management_kanban.TestCleanup" name="test_delete_created_tasks" time="3.183" /><testcase classname="backend.tests.test_task_management_kanban.TestCleanup" name="test_cleanup_any_remaining_test_tasks" time="0.675" /></testsuite></testsuites>