<?xml version="1.0" encoding="utf-8"?><testsuites name="pytest tests"><testsuite name="pytest" errors="0" failures="0" skipped="0" tests="11" time="17.718" timestamp="2026-03-15T11:48:58.513215+00:00" hostname="agent-env-2625e11c-9e9c-48a9-936e-aa9dfdca5c4d"><testcase classname="backend.tests.test_settlement_act.TestSettlementActPreview" name="test_settlement_act_preview_returns_200" time="3.268" /><testcase classname="backend.tests.test_settlement_act.TestSettlementActPreview" name="test_settlement_act_preview_contains_key_sections" time="1.558" /><testcase classname="backend.tests.test_settlement_act.TestSettlementActPreview" name="test_settlement_act_nonexistent_order_returns_404" time="0.638" /><testcase classname="backend.tests.test_settlement_act.TestSettlementActPreview" name="test_settlement_act_with_manager_override" time="1.607" /><testcase classname="backend.tests.test_settlement_act.TestSettlementActPreview" name="test_settlement_act_refund_scenario" time="1.547" /><testcase classname="backend.tests.test_settlement_act.TestSettlementActPDF" name="test_settlement_act_pdf_returns_200" time="1.589" /><testcase classname="backend.tests.test_settlement_act.TestSettlementActPDF" name="test_settlement_act_pdf_has_print_script" time="1.563" /><testcase classname="backend.tests.test_settlement_act.TestAdminTemplateList" name="test_admin_templates_includes_settlement_act" time="1.192" /><testcase classname="backend.tests.test_settlement_act.TestMultipleOrders" name="test_settlement_act_for_each_order[7396]" time="1.552" /><testcase classname="backend.tests.test_settlement_act.TestMultipleOrders" name="test_settlement_act_for_each_order[7394]" time="1.555" /><testcase classname="backend.tests.test_settlement_act.TestMultipleOrders" name="test_settlement_act_for_each_order[7392]" time="1.584" /></testsuite></testsuites>