<?xml version="1.0" encoding="utf-8"?><testsuites name="pytest tests"><testsuite name="pytest" errors="0" failures="1" skipped="0" tests="6" time="10.042" timestamp="2026-03-15T17:31:30.572462+00:00" hostname="agent-env-2625e11c-9e9c-48a9-936e-aa9dfdca5c4d"><testcase classname="backend.tests.test_settlement_charges_editable.TestSettlementActDirectOpening" name="test_settlement_act_preview_returns_200" time="3.967" /><testcase classname="backend.tests.test_settlement_charges_editable.TestSettlementActDirectOpening" name="test_settlement_act_pdf_returns_200" time="1.566" /><testcase classname="backend.tests.test_settlement_charges_editable.TestOrderChargesAPI" name="test_get_charges_returns_damage_and_late" time="1.060" /><testcase classname="backend.tests.test_settlement_charges_editable.TestOrderChargesAPI" name="test_add_late_fee_charge" time="0.685" /><testcase classname="backend.tests.test_settlement_charges_editable.TestOrderChargesAPI" name="test_add_damage_charge" time="0.650"><failure message="AssertionError: Expected 200, got 500: {&quot;detail&quot;:&quot;(pymysql.err.IntegrityError) (1062, \&quot;Duplicate entry '' for key 'PRIMARY'\&quot;)\n[SQL: \n                INSERT INTO product_damage_history (order_id, product_id, damage_type, qty, fee, note, created_at)\n                VALUES (%(order_id)s, 0, 'manual_charge', 1, %(fee)s, %(note)s, NOW())\n            ]\n[parameters: {'order_id': 7396, 'fee': 50.0, 'note': 'Test damage charge - auto test'}]\n(Background on this error at: https://sqlalche.me/e/20/gkpj)&quot;}&#10;assert 500 == 200&#10; +  where 500 = &lt;Response [500]&gt;.status_code">backend/tests/test_settlement_charges_editable.py:106: in test_add_damage_charge
    assert response.status_code == 200, f"Expected 200, got {response.status_code}: {response.text}"
E   AssertionError: Expected 200, got 500: {"detail":"(pymysql.err.IntegrityError) (1062, \"Duplicate entry '' for key 'PRIMARY'\")\n[SQL: \n                INSERT INTO product_damage_history (order_id, product_id, damage_type, qty, fee, note, created_at)\n                VALUES (%(order_id)s, 0, 'manual_charge', 1, %(fee)s, %(note)s, NOW())\n            ]\n[parameters: {'order_id': 7396, 'fee': 50.0, 'note': 'Test damage charge - auto test'}]\n(Background on this error at: https://sqlalche.me/e/20/gkpj)"}
E   assert 500 == 200
E    +  where 500 = &lt;Response [500]&gt;.status_code</failure></testcase><testcase classname="backend.tests.test_settlement_charges_editable.TestAlternativeOrderCharges" name="test_get_charges_order_7380" time="1.992" /></testsuite></testsuites>