<?xml version="1.0" encoding="utf-8"?><testsuites name="pytest tests"><testsuite name="pytest" errors="0" failures="1" skipped="0" tests="9" time="23.015" timestamp="2026-03-15T06:44:53.898506+00:00" hostname="agent-env-cbc84d85-37ee-42a1-9fc8-0ac0daec4575"><testcase classname="backend.tests.test_calendar_redesign.TestCalendarEvents" name="test_calendar_events_returns_events" time="3.544" /><testcase classname="backend.tests.test_calendar_redesign.TestCalendarEvents" name="test_calendar_event_structure" time="2.325" /><testcase classname="backend.tests.test_calendar_redesign.TestCalendarEvents" name="test_calendar_events_with_groups_filter" time="2.121" /><testcase classname="backend.tests.test_calendar_redesign.TestCalendarEvents" name="test_calendar_events_with_maintenance_filter" time="1.772" /><testcase classname="backend.tests.test_calendar_redesign.TestCalendarEvents" name="test_calendar_events_with_search" time="2.349" /><testcase classname="backend.tests.test_calendar_redesign.TestCalendarEvents" name="test_calendar_events_week_range" time="2.332"><failure message="AssertionError: Event date 2026-03-24 outside range 2026-03-09 - 2026-03-15&#10;assert ('2026-03-24' &gt;= '2026-03-09' and '2026-03-24' &lt;= '2026-03-15')">backend/tests/test_calendar_redesign.py:157: in test_calendar_events_week_range
    assert event_date &gt;= date_from and event_date &lt;= date_to, \
E   AssertionError: Event date 2026-03-24 outside range 2026-03-09 - 2026-03-15
E   assert ('2026-03-24' &gt;= '2026-03-09' and '2026-03-24' &lt;= '2026-03-15')</failure></testcase><testcase classname="backend.tests.test_calendar_redesign.TestCalendarEvents" name="test_calendar_events_month_range" time="2.309" /><testcase classname="backend.tests.test_calendar_redesign.TestCalendarEvents" name="test_calendar_no_auth_fails" time="2.329" /><testcase classname="backend.tests.test_calendar_redesign.TestTasksAPI" name="test_create_task_from_calendar" time="3.791" /></testsuite></testsuites>