<?xml version="1.0" encoding="utf-8"?><testsuites name="pytest tests"><testsuite name="pytest" errors="0" failures="0" skipped="0" tests="18" time="11.908" timestamp="2026-02-12T16:12:50.470238+00:00" hostname="agent-env-eea6960d-ca7a-457c-8ac1-a6ece6e916f2"><testcase classname="backend.tests.test_phase32_document_preview.TestDocumentRenderAPI" name="test_list_templates" time="0.085" /><testcase classname="backend.tests.test_phase32_document_preview.TestDocumentRenderAPI" name="test_render_quote_document" time="2.579" /><testcase classname="backend.tests.test_phase32_document_preview.TestDocumentRenderAPI" name="test_render_quote_without_watermark" time="0.838" /><testcase classname="backend.tests.test_phase32_document_preview.TestDocumentRenderAPI" name="test_render_invalid_doc_type" time="0.039" /><testcase classname="backend.tests.test_phase32_document_preview.TestDocumentRenderAPI" name="test_render_invoice_offer_not_in_templates" time="0.042" /><testcase classname="backend.tests.test_phase32_document_preview.TestDocumentRenderAPI" name="test_preview_document" time="0.827" /><testcase classname="backend.tests.test_phase32_document_preview.TestDocumentRenderAPI" name="test_get_document_context" time="0.828" /><testcase classname="backend.tests.test_phase32_document_preview.TestDocumentPolicyAPI" name="test_get_policy_matrix" time="0.069" /><testcase classname="backend.tests.test_phase32_document_preview.TestDocumentPolicyAPI" name="test_get_available_documents_for_order" time="0.570" /><testcase classname="backend.tests.test_phase32_document_preview.TestDocumentPolicyAPI" name="test_check_quote_availability" time="0.564" /><testcase classname="backend.tests.test_phase32_document_preview.TestDocumentPolicyAPI" name="test_check_invoice_offer_availability" time="0.568" /><testcase classname="backend.tests.test_phase32_document_preview.TestDocumentPolicyAPI" name="test_check_annex_availability" time="0.562" /><testcase classname="backend.tests.test_phase32_document_preview.TestDocumentSignaturesAPI" name="test_sign_nonexistent_document" time="0.564" /><testcase classname="backend.tests.test_phase32_document_preview.TestDocumentSignaturesAPI" name="test_sign_invalid_role" time="0.566" /><testcase classname="backend.tests.test_phase32_document_preview.TestDocumentSignaturesAPI" name="test_get_signature_status_nonexistent" time="0.567" /><testcase classname="backend.tests.test_phase32_document_preview.TestDocumentSignaturesAPI" name="test_generate_sign_link" time="0.562" /><testcase classname="backend.tests.test_phase32_document_preview.TestIntegration" name="test_full_document_preview_workflow" time="1.423" /><testcase classname="backend.tests.test_phase32_document_preview.TestIntegration" name="test_document_buttons_show_preview_label" time="0.568" /></testsuite></testsuites>