<?xml version="1.0" encoding="utf-8"?><testsuites name="pytest tests"><testsuite name="pytest" errors="0" failures="0" skipped="0" tests="15" time="18.289" timestamp="2026-03-13T15:18:46.946080+00:00" hostname="agent-env-cbc84d85-37ee-42a1-9fc8-0ac0daec4575"><testcase classname="backend.tests.test_order_chats_cabinet.TestAuth" name="test_login_returns_token" time="2.959" /><testcase classname="backend.tests.test_order_chats_cabinet.TestOrderChatsAPI" name="test_order_chats_mode_active" time="1.712" /><testcase classname="backend.tests.test_order_chats_cabinet.TestOrderChatsAPI" name="test_order_chats_mode_with_notes" time="0.705" /><testcase classname="backend.tests.test_order_chats_cabinet.TestOrderChatsAPI" name="test_order_chats_mode_all" time="0.772" /><testcase classname="backend.tests.test_order_chats_cabinet.TestOrderChatsAPI" name="test_order_chats_search_by_order_number" time="0.686" /><testcase classname="backend.tests.test_order_chats_cabinet.TestOrderChatsAPI" name="test_order_chats_search_empty_results" time="0.666" /><testcase classname="backend.tests.test_order_chats_cabinet.TestOrderInternalNotes" name="test_get_internal_notes" time="1.707" /><testcase classname="backend.tests.test_order_chats_cabinet.TestOrderInternalNotes" name="test_post_internal_note" time="2.547" /><testcase classname="backend.tests.test_order_chats_cabinet.TestOrderInternalNotes" name="test_post_internal_note_empty_message_fails" time="0.109" /><testcase classname="backend.tests.test_order_chats_cabinet.TestOrderInternalNotes" name="test_post_internal_note_requires_auth" time="0.111" /><testcase classname="backend.tests.test_order_chats_cabinet.TestExistingCabinetTabs" name="test_profile_endpoint" time="1.806" /><testcase classname="backend.tests.test_order_chats_cabinet.TestExistingCabinetTabs" name="test_stats_endpoint" time="1.077" /><testcase classname="backend.tests.test_order_chats_cabinet.TestExistingCabinetTabs" name="test_team_endpoint" time="0.691" /><testcase classname="backend.tests.test_order_chats_cabinet.TestExistingCabinetTabs" name="test_my_tasks_endpoint" time="0.680" /><testcase classname="backend.tests.test_order_chats_cabinet.TestExistingCabinetTabs" name="test_focus_endpoint" time="1.936" /></testsuite></testsuites>