<?xml version="1.0" encoding="utf-8"?><testsuites name="pytest tests"><testsuite name="pytest" errors="0" failures="0" skipped="0" tests="11" time="10.605" timestamp="2026-03-24T18:24:12.676341+00:00" hostname="agent-env-73593695-7f97-4edc-b07f-3a5f47ff0237"><testcase classname="backend.tests.test_batch_documents_by_orders.TestBatchDocumentsByOrders" name="test_batch_by_orders_returns_200" time="0.864" /><testcase classname="backend.tests.test_batch_documents_by_orders.TestBatchDocumentsByOrders" name="test_batch_by_orders_returns_grouped_data" time="1.207" /><testcase classname="backend.tests.test_batch_documents_by_orders.TestBatchDocumentsByOrders" name="test_batch_by_orders_document_structure" time="1.229" /><testcase classname="backend.tests.test_batch_documents_by_orders.TestBatchDocumentsByOrders" name="test_batch_by_orders_ukrainian_labels" time="1.217" /><testcase classname="backend.tests.test_batch_documents_by_orders.TestBatchDocumentsByOrders" name="test_batch_by_orders_skips_duplicates" time="0.835" /><testcase classname="backend.tests.test_batch_documents_by_orders.TestBatchDocumentsByOrders" name="test_batch_by_orders_empty_list" time="0.135" /><testcase classname="backend.tests.test_batch_documents_by_orders.TestBatchDocumentsByOrders" name="test_batch_by_orders_nonexistent_orders" time="0.826" /><testcase classname="backend.tests.test_batch_documents_by_orders.TestBatchDocumentsByOrders" name="test_batch_by_orders_preview_url_format" time="0.675" /><testcase classname="backend.tests.test_batch_documents_by_orders.TestBatchDocumentsByOrders" name="test_order_7293_has_expected_documents" time="0.692" /><testcase classname="backend.tests.test_batch_documents_by_orders.TestBatchDocumentsByOrders" name="test_order_7425_has_defect_act" time="0.688" /><testcase classname="backend.tests.test_batch_documents_by_orders.TestDocumentPreviewAccess" name="test_document_preview_accessible" time="2.174" /></testsuite></testsuites>