<?xml version="1.0" encoding="utf-8"?><testsuites name="pytest tests"><testsuite name="pytest" errors="0" failures="0" skipped="0" tests="14" time="32.083" timestamp="2026-03-24T17:47:52.295120+00:00" hostname="agent-env-73593695-7f97-4edc-b07f-3a5f47ff0237"><testcase classname="backend.tests.test_damage_fixation_docs.TestDocumentGeneration" name="test_return_act_generation" time="5.910" /><testcase classname="backend.tests.test_damage_fixation_docs.TestDocumentGeneration" name="test_return_act_with_damage_data" time="2.553" /><testcase classname="backend.tests.test_damage_fixation_docs.TestDocumentGeneration" name="test_defect_act_generation" time="3.012" /><testcase classname="backend.tests.test_damage_fixation_docs.TestDocumentGeneration" name="test_defect_act_has_type_column" time="2.922" /><testcase classname="backend.tests.test_damage_fixation_docs.TestDocumentGeneration" name="test_defect_act_includes_total_loss" time="2.416" /><testcase classname="backend.tests.test_damage_fixation_docs.TestDocumentGeneration" name="test_document_preview" time="3.578" /><testcase classname="backend.tests.test_damage_fixation_docs.TestPhotoOnlyProcessing" name="test_photo_only_does_not_freeze_product" time="0.850" /><testcase classname="backend.tests.test_damage_fixation_docs.TestPhotoOnlyProcessing" name="test_photo_only_records_in_photo_records_endpoint" time="0.735" /><testcase classname="backend.tests.test_damage_fixation_docs.TestDamageHistoryEndpoints" name="test_get_order_damage_history" time="0.763" /><testcase classname="backend.tests.test_damage_fixation_docs.TestDamageHistoryEndpoints" name="test_get_pre_issue_damages" time="0.707" /><testcase classname="backend.tests.test_damage_fixation_docs.TestDamageHistoryEndpoints" name="test_damage_record_has_processing_type" time="0.691" /><testcase classname="backend.tests.test_damage_fixation_docs.TestDefectActDataBuilder" name="test_defect_act_data_includes_photo_only" time="3.358" /><testcase classname="backend.tests.test_damage_fixation_docs.TestReturnActDataBuilder" name="test_return_act_data_structure" time="2.687" /><testcase classname="backend.tests.test_damage_fixation_docs.TestFinanceSnapshot" name="test_finance_snapshot_includes_damage" time="1.761" /></testsuite></testsuites>