<?xml version="1.0" encoding="utf-8"?><testsuites name="pytest tests"><testsuite name="pytest" errors="0" failures="0" skipped="0" tests="13" time="37.128" timestamp="2026-03-13T14:00:07.008532+00:00" hostname="agent-env-6efd89b8-aced-4f06-b722-055836b8538c"><testcase classname="tests.test_chat_new_features.TestTaskChatIntegration" name="test_create_task_posts_notification" time="11.592" /><testcase classname="tests.test_chat_new_features.TestTaskChatIntegration" name="test_task_status_change_creates_thread_reply" time="6.231" /><testcase classname="tests.test_chat_new_features.TestCloseReopenThread" name="test_close_thread" time="2.895" /><testcase classname="tests.test_chat_new_features.TestCloseReopenThread" name="test_reopen_thread" time="2.713" /><testcase classname="tests.test_chat_new_features.TestCloseReopenThread" name="test_post_to_closed_thread_returns_400" time="2.876" /><testcase classname="tests.test_chat_new_features.TestCloseReopenThread" name="test_thread_endpoint_returns_is_closed" time="1.980" /><testcase classname="tests.test_chat_new_features.TestPhotoUpload" name="test_upload_image_creates_message" time="1.082" /><testcase classname="tests.test_chat_new_features.TestPhotoUpload" name="test_uploaded_image_accessible" time="1.232" /><testcase classname="tests.test_chat_new_features.TestPhotoUpload" name="test_non_image_rejected" time="0.132" /><testcase classname="tests.test_chat_new_features.TestPhotoUpload" name="test_messages_return_attachment_fields" time="0.809" /><testcase classname="tests.test_chat_new_features.TestPhotoUpload" name="test_upload_to_closed_thread_rejected" time="2.672" /><testcase classname="tests.test_chat_new_features.TestApiFields" name="test_messages_endpoint_fields" time="0.789" /><testcase classname="tests.test_chat_new_features.TestApiFields" name="test_thread_endpoint_fields" time="2.041" /></testsuite></testsuites>