<?xml version="1.0" encoding="utf-8"?><testsuites name="pytest tests"><testsuite name="pytest" errors="0" failures="0" skipped="0" tests="10" time="15.358" timestamp="2026-03-15T07:37:37.816017+00:00" hostname="agent-env-cbc84d85-37ee-42a1-9fc8-0ac0daec4575"><testcase classname="tests.test_admin_panel.TestAdminAuth" name="test_admin_login_success" time="2.768" /><testcase classname="tests.test_admin_panel.TestAdminAuth" name="test_manager_cannot_access_admin_users" time="1.136" /><testcase classname="tests.test_admin_panel.TestAdminAuth" name="test_no_auth_returns_403" time="0.139" /><testcase classname="tests.test_admin_panel.TestAdminUsers" name="test_get_users_success" time="1.686" /><testcase classname="tests.test_admin_panel.TestAdminUsers" name="test_users_have_roles" time="0.678" /><testcase classname="tests.test_admin_panel.TestAdminDocumentStats" name="test_get_document_stats" time="1.651" /><testcase classname="tests.test_admin_panel.TestAdminCategories" name="test_get_categories" time="1.788" /><testcase classname="tests.test_admin_panel.TestAdminSettings" name="test_get_settings" time="1.650" /><testcase classname="tests.test_admin_panel.TestAdminSettings" name="test_update_settings" time="2.125" /><testcase classname="tests.test_admin_panel.TestAdminExpenseCategories" name="test_get_expense_categories" time="1.626" /></testsuite></testsuites>