<?xml version="1.0" encoding="utf-8"?><testsuites name="pytest tests"><testsuite name="pytest" errors="0" failures="0" skipped="0" tests="12" time="13.594" timestamp="2026-01-29T16:28:24.295052+00:00" hostname="agent-env-1009a815-f4a4-4fbb-8420-7208e1db1179"><testcase classname="backend.tests.test_calendar.TestCalendarEventTypes" name="test_get_event_types_success" time="0.069" /><testcase classname="backend.tests.test_calendar.TestCalendarEvents" name="test_get_events_with_date_range" time="2.851" /><testcase classname="backend.tests.test_calendar.TestCalendarEvents" name="test_get_events_with_wider_date_range" time="1.355" /><testcase classname="backend.tests.test_calendar.TestCalendarEvents" name="test_get_events_with_group_filter" time="0.772" /><testcase classname="backend.tests.test_calendar.TestCalendarEvents" name="test_get_events_with_type_filter" time="0.592" /><testcase classname="backend.tests.test_calendar.TestCalendarEvents" name="test_get_events_with_search" time="1.357" /><testcase classname="backend.tests.test_calendar.TestCalendarEvents" name="test_get_events_missing_date_from" time="0.043" /><testcase classname="backend.tests.test_calendar.TestCalendarEvents" name="test_get_events_missing_date_to" time="0.037" /><testcase classname="backend.tests.test_calendar.TestCalendarStats" name="test_get_stats_for_date" time="1.348" /><testcase classname="backend.tests.test_calendar.TestCalendarStats" name="test_get_stats_missing_date" time="0.044" /><testcase classname="backend.tests.test_calendar.TestAuthentication" name="test_login_success" time="0.918" /><testcase classname="backend.tests.test_calendar.TestAuthentication" name="test_login_invalid_credentials" time="4.141" /></testsuite></testsuites>