<?xml version="1.0" encoding="utf-8"?><testsuites name="pytest tests"><testsuite name="pytest" errors="0" failures="0" skipped="0" tests="14" time="45.029" timestamp="2026-03-15T08:53:06.067191+00:00" hostname="agent-env-178b6aac-de8c-4532-b932-f004a9fc4e68"><testcase classname="tests.test_template_editor.TestTemplateEditorBackend" name="test_get_templates_list_returns_31_templates" time="3.954" /><testcase classname="tests.test_template_editor.TestTemplateEditorBackend" name="test_templates_list_contains_quote_template" time="2.185" /><testcase classname="tests.test_template_editor.TestTemplateEditorBackend" name="test_get_quote_template_content" time="2.207" /><testcase classname="tests.test_template_editor.TestTemplateEditorBackend" name="test_get_nonexistent_template_returns_404" time="2.187" /><testcase classname="tests.test_template_editor.TestTemplateEditorBackend" name="test_save_template_to_db" time="5.763" /><testcase classname="tests.test_template_editor.TestTemplateEditorBackend" name="test_save_empty_template_returns_error" time="1.659" /><testcase classname="tests.test_template_editor.TestTemplateEditorBackend" name="test_reset_template_to_file" time="5.774" /><testcase classname="tests.test_template_editor.TestTemplateEditorBackend" name="test_preview_template_with_order_7403" time="2.731" /><testcase classname="tests.test_template_editor.TestTemplateEditorBackend" name="test_preview_contains_company_phone" time="2.738" /><testcase classname="tests.test_template_editor.TestTemplateEditorBackend" name="test_preview_contains_order_number" time="2.773" /><testcase classname="tests.test_template_editor.TestDocumentGenerationWithDBOverride" name="test_estimate_preview_uses_company_data_from_db" time="3.425" /><testcase classname="tests.test_template_editor.TestDocumentGenerationWithDBOverride" name="test_db_override_is_used_for_rendering" time="8.308" /><testcase classname="tests.test_template_editor.TestTemplateEditorAuthorization" name="test_templates_list_requires_auth" time="0.101" /><testcase classname="tests.test_template_editor.TestTemplateEditorAuthorization" name="test_templates_list_requires_admin_role" time="1.110" /></testsuite></testsuites>