<?xml version="1.0" encoding="utf-8"?><testsuites name="pytest tests"><testsuite name="pytest" errors="0" failures="1" skipped="0" tests="16" time="7.218" timestamp="2026-02-12T16:48:26.008486+00:00" hostname="agent-env-eea6960d-ca7a-457c-8ac1-a6ece6e916f2"><testcase classname="backend.tests.test_phase32_manual_fields_email.TestManualFieldsSchema" name="test_annex_to_contract_schema_has_pickup_return_time" time="0.068" /><testcase classname="backend.tests.test_phase32_manual_fields_email.TestManualFieldsSchema" name="test_defect_act_schema_has_tenant_refused_to_sign" time="0.039" /><testcase classname="backend.tests.test_phase32_manual_fields_email.TestManualFieldsSchema" name="test_return_act_schema" time="0.040" /><testcase classname="backend.tests.test_phase32_manual_fields_email.TestManualFieldsSchema" name="test_issue_act_schema" time="0.037" /><testcase classname="backend.tests.test_phase32_manual_fields_email.TestManualFieldsSchema" name="test_unknown_doc_type_returns_no_manual_fields" time="0.042" /><testcase classname="backend.tests.test_phase32_manual_fields_email.TestManualFieldsSchema" name="test_types_with_manual_fields_endpoint" time="0.039" /><testcase classname="backend.tests.test_phase32_manual_fields_email.TestPaymentValidation" name="test_rent_payment_without_annex_returns_400" time="0.847" /><testcase classname="backend.tests.test_phase32_manual_fields_email.TestPaymentValidation" name="test_deposit_payment_without_annex_allowed" time="2.024" /><testcase classname="backend.tests.test_phase32_manual_fields_email.TestEmailWorkflow" name="test_send_email_to_nonexistent_document_returns_404" time="0.566" /><testcase classname="backend.tests.test_phase32_manual_fields_email.TestEmailWorkflow" name="test_send_email_requires_to_field" time="0.041" /><testcase classname="backend.tests.test_phase32_manual_fields_email.TestEmailWorkflow" name="test_email_history_endpoint" time="0.565" /><testcase classname="backend.tests.test_phase32_manual_fields_email.TestEmailWorkflow" name="test_recent_emails_endpoint" time="0.567"><failure message="assert 520 in [200, 404]&#10; +  where 520 = &lt;Response [520]&gt;.status_code">backend/tests/test_phase32_manual_fields_email.py:211: in test_recent_emails_endpoint
    assert response.status_code in [200, 404]
E   assert 520 in [200, 404]
E    +  where 520 = &lt;Response [520]&gt;.status_code</failure></testcase><testcase classname="backend.tests.test_phase32_manual_fields_email.TestContractExpiration" name="test_annex_generation_endpoint_exists" time="0.562" /><testcase classname="backend.tests.test_phase32_manual_fields_email.TestContractExpiration" name="test_get_latest_annex_for_order" time="0.583" /><testcase classname="backend.tests.test_phase32_manual_fields_email.TestContractExpiration" name="test_annex_history_for_order" time="0.561" /><testcase classname="backend.tests.test_phase32_manual_fields_email.TestMigrationAnnexId" name="test_payments_endpoint_returns_annex_id_field" time="0.563" /></testsuite></testsuites>