<?xml version="1.0" encoding="utf-8"?><testsuites name="pytest tests"><testsuite name="pytest" errors="0" failures="0" skipped="0" tests="13" time="26.158" timestamp="2026-02-03T19:26:47.804296+00:00" hostname="agent-env-ac4804a1-e1bd-4273-aec2-6758beb972ff"><testcase classname="backend.tests.test_return_versions.TestReturnVersionsActive" name="test_get_active_versions_success" time="4.764" /><testcase classname="backend.tests.test_return_versions.TestReturnVersionDetails" name="test_get_version_details_success" time="2.650" /><testcase classname="backend.tests.test_return_versions.TestReturnVersionDetails" name="test_get_version_details_not_found" time="1.230" /><testcase classname="backend.tests.test_return_versions.TestOrderVersionHistory" name="test_get_order_versions_success" time="1.209" /><testcase classname="backend.tests.test_return_versions.TestOrderVersionHistory" name="test_get_order_versions_empty" time="1.206" /><testcase classname="backend.tests.test_return_versions.TestReturnItem" name="test_return_item_not_found" time="1.210" /><testcase classname="backend.tests.test_return_versions.TestReturnItem" name="test_return_item_invalid_item" time="2.396" /><testcase classname="backend.tests.test_return_versions.TestVersionComplete" name="test_complete_version_not_found" time="1.353" /><testcase classname="backend.tests.test_return_versions.TestCreateVersion" name="test_create_version_order_not_found" time="1.208" /><testcase classname="backend.tests.test_return_versions.TestCreateVersion" name="test_create_version_empty_items" time="2.258" /><testcase classname="backend.tests.test_return_versions.TestDataIntegrity" name="test_version_display_number_format" time="1.210" /><testcase classname="backend.tests.test_return_versions.TestDataIntegrity" name="test_version_history_ordering" time="2.675" /><testcase classname="backend.tests.test_return_versions.TestDataIntegrity" name="test_active_versions_only_active_status" time="2.646" /></testsuite></testsuites>