<?xml version="1.0" encoding="utf-8"?><testsuites name="pytest tests"><testsuite name="pytest" errors="0" failures="0" skipped="0" tests="25" time="27.290" timestamp="2026-03-13T12:29:17.538247+00:00" hostname="agent-env-6efd89b8-aced-4f06-b722-055836b8538c"><testcase classname="tests.test_cabinet_chat.TestCabinetProfile" name="test_get_profile_returns_user_data" time="3.429" /><testcase classname="tests.test_cabinet_chat.TestCabinetProfile" name="test_profile_requires_auth" time="0.114" /><testcase classname="tests.test_cabinet_chat.TestCabinetStats" name="test_get_stats_returns_task_and_activity_stats" time="1.076" /><testcase classname="tests.test_cabinet_chat.TestCabinetMyTasks" name="test_get_my_tasks_returns_assigned_tasks" time="0.669" /><testcase classname="tests.test_cabinet_chat.TestCabinetMyTasks" name="test_filter_tasks_by_status" time="0.673" /><testcase classname="tests.test_cabinet_chat.TestCabinetTeam" name="test_get_team_returns_all_team_members" time="0.648" /><testcase classname="tests.test_cabinet_chat.TestChatChannels" name="test_list_channels_returns_channels" time="4.139" /><testcase classname="tests.test_cabinet_chat.TestChatChannels" name="test_create_topic_channel" time="1.343" /><testcase classname="tests.test_cabinet_chat.TestChatChannels" name="test_delete_channel" time="0.890" /><testcase classname="tests.test_cabinet_chat.TestChatChannels" name="test_cannot_delete_general_channel" time="4.805" /><testcase classname="tests.test_cabinet_chat.TestChatMessages" name="test_get_messages_from_channel" time="0.787" /><testcase classname="tests.test_cabinet_chat.TestChatMessages" name="test_send_message" time="1.167" /><testcase classname="tests.test_cabinet_chat.TestChatMessages" name="test_send_empty_message_fails" time="0.118" /><testcase classname="tests.test_cabinet_chat.TestChatThreads" name="test_send_thread_reply" time="2.004" /><testcase classname="tests.test_cabinet_chat.TestChatThreads" name="test_get_thread" time="0.775" /><testcase classname="tests.test_cabinet_chat.TestChatThreads" name="test_thread_not_found" time="0.673" /><testcase classname="tests.test_cabinet_chat.TestChatDM" name="test_create_dm" time="0.661" /><testcase classname="tests.test_cabinet_chat.TestChatDM" name="test_get_existing_dm" time="0.665" /><testcase classname="tests.test_cabinet_chat.TestChatDM" name="test_dm_with_self_fails" time="0.762" /><testcase classname="tests.test_cabinet_chat.TestChatUnread" name="test_get_unread_count" time="0.655" /><testcase classname="tests.test_cabinet_chat.TestChatTeam" name="test_get_chat_team" time="0.646" /><testcase classname="tests.test_cabinet_chat.TestAuthRequired" name="test_cabinet_profile_requires_auth" time="0.103" /><testcase classname="tests.test_cabinet_chat.TestAuthRequired" name="test_cabinet_stats_requires_auth" time="0.122" /><testcase classname="tests.test_cabinet_chat.TestAuthRequired" name="test_chat_channels_requires_auth" time="0.121" /><testcase classname="tests.test_cabinet_chat.TestAuthRequired" name="test_chat_messages_requires_auth" time="0.112" /></testsuite></testsuites>