<?xml version="1.0" encoding="utf-8"?><testsuites name="pytest tests"><testsuite name="pytest" errors="0" failures="0" skipped="0" tests="16" time="18.744" timestamp="2026-02-16T11:12:35.702074+00:00" hostname="agent-env-ffa9de5d-2c24-41e5-af65-23e2cc4d6a25"><testcase classname="tests.test_master_agreements.TestMasterAgreementsAPI" name="test_list_agreements" time="3.488" /><testcase classname="tests.test_master_agreements.TestMasterAgreementsAPI" name="test_get_active_agreement_for_payer" time="0.633" /><testcase classname="tests.test_master_agreements.TestMasterAgreementsAPI" name="test_get_active_agreement_nonexistent_payer" time="0.756" /><testcase classname="tests.test_master_agreements.TestMasterAgreementCreateSignFlow" name="test_create_master_agreement" time="2.616" /><testcase classname="tests.test_master_agreements.TestMasterAgreementCreateSignFlow" name="test_verify_draft_status" time="0.763" /><testcase classname="tests.test_master_agreements.TestMasterAgreementCreateSignFlow" name="test_sign_master_agreement" time="0.897" /><testcase classname="tests.test_master_agreements.TestMasterAgreementCreateSignFlow" name="test_verify_signed_status" time="0.624" /><testcase classname="tests.test_master_agreements.TestMasterAgreementCreateSignFlow" name="test_cannot_create_duplicate_active_agreement" time="0.773" /><testcase classname="tests.test_master_agreements.TestMasterAgreementCreateSignFlow" name="test_cannot_sign_already_signed_agreement" time="0.635" /><testcase classname="tests.test_master_agreements.TestMasterAgreementValidation" name="test_create_agreement_invalid_payer" time="0.626" /><testcase classname="tests.test_master_agreements.TestMasterAgreementValidation" name="test_sign_nonexistent_agreement" time="0.649" /><testcase classname="tests.test_master_agreements.TestMasterAgreementValidation" name="test_get_single_agreement" time="1.482" /><testcase classname="tests.test_master_agreements.TestClientsWithPayersAPI" name="test_list_clients" time="0.628" /><testcase classname="tests.test_master_agreements.TestClientsWithPayersAPI" name="test_get_client_payers" time="1.340" /><testcase classname="tests.test_master_agreements.TestPayerProfilesAPI" name="test_list_payer_profiles" time="1.291" /><testcase classname="tests.test_master_agreements.TestPayerProfilesAPI" name="test_create_payer_profile" time="1.458" /></testsuite></testsuites>