<?xml version="1.0" encoding="utf-8"?><testsuites name="pytest tests"><testsuite name="pytest" errors="0" failures="0" skipped="0" tests="16" time="7.362" timestamp="2026-02-12T16:49:16.266483+00:00" hostname="agent-env-eea6960d-ca7a-457c-8ac1-a6ece6e916f2"><testcase classname="backend.tests.test_phase32_manual_fields_email.TestManualFieldsSchema" name="test_annex_to_contract_schema_has_pickup_return_time" time="0.130" /><testcase classname="backend.tests.test_phase32_manual_fields_email.TestManualFieldsSchema" name="test_defect_act_schema_has_tenant_refused_to_sign" time="0.042" /><testcase classname="backend.tests.test_phase32_manual_fields_email.TestManualFieldsSchema" name="test_return_act_schema" time="0.039" /><testcase classname="backend.tests.test_phase32_manual_fields_email.TestManualFieldsSchema" name="test_issue_act_schema" time="0.040" /><testcase classname="backend.tests.test_phase32_manual_fields_email.TestManualFieldsSchema" name="test_unknown_doc_type_returns_no_manual_fields" time="0.041" /><testcase classname="backend.tests.test_phase32_manual_fields_email.TestManualFieldsSchema" name="test_types_with_manual_fields_endpoint" time="0.038" /><testcase classname="backend.tests.test_phase32_manual_fields_email.TestPaymentValidation" name="test_rent_payment_without_annex_returns_400" time="0.894" /><testcase classname="backend.tests.test_phase32_manual_fields_email.TestPaymentValidation" name="test_deposit_payment_without_annex_allowed" time="2.014" /><testcase classname="backend.tests.test_phase32_manual_fields_email.TestEmailWorkflow" name="test_send_email_to_nonexistent_document_returns_404" time="0.601" /><testcase classname="backend.tests.test_phase32_manual_fields_email.TestEmailWorkflow" name="test_send_email_requires_to_field" time="0.045" /><testcase classname="backend.tests.test_phase32_manual_fields_email.TestEmailWorkflow" name="test_email_history_endpoint" time="0.568" /><testcase classname="backend.tests.test_phase32_manual_fields_email.TestEmailWorkflow" name="test_recent_emails_endpoint" time="0.562" /><testcase classname="backend.tests.test_phase32_manual_fields_email.TestContractExpiration" name="test_annex_generation_endpoint_exists" time="0.595" /><testcase classname="backend.tests.test_phase32_manual_fields_email.TestContractExpiration" name="test_get_latest_annex_for_order" time="0.568" /><testcase classname="backend.tests.test_phase32_manual_fields_email.TestContractExpiration" name="test_annex_history_for_order" time="0.565" /><testcase classname="backend.tests.test_phase32_manual_fields_email.TestMigrationAnnexId" name="test_payments_endpoint_returns_annex_id_field" time="0.562" /></testsuite></testsuites>