<?xml version="1.0" encoding="utf-8"?><testsuites name="pytest tests"><testsuite name="pytest" errors="0" failures="1" skipped="0" tests="12" time="12.130" timestamp="2026-01-29T16:27:57.768672+00:00" hostname="agent-env-1009a815-f4a4-4fbb-8420-7208e1db1179"><testcase classname="backend.tests.test_calendar.TestCalendarEventTypes" name="test_get_event_types_success" time="0.109" /><testcase classname="backend.tests.test_calendar.TestCalendarEvents" name="test_get_events_with_date_range" time="2.982" /><testcase classname="backend.tests.test_calendar.TestCalendarEvents" name="test_get_events_with_wider_date_range" time="1.361" /><testcase classname="backend.tests.test_calendar.TestCalendarEvents" name="test_get_events_with_group_filter" time="0.564"><failure message="AssertionError: Event order-issue-7222 has wrong group&#10;assert 'operations' == 'orders'&#10;  &#10;  - orders&#10;  + operations">backend/tests/test_calendar.py:113: in test_get_events_with_group_filter
    assert event["_meta"]["group"] == "orders", f"Event {event['id']} has wrong group"
E   AssertionError: Event order-issue-7222 has wrong group
E   assert 'operations' == 'orders'
E     
E     - orders
E     + operations</failure></testcase><testcase classname="backend.tests.test_calendar.TestCalendarEvents" name="test_get_events_with_type_filter" time="0.610" /><testcase classname="backend.tests.test_calendar.TestCalendarEvents" name="test_get_events_with_search" time="1.353" /><testcase classname="backend.tests.test_calendar.TestCalendarEvents" name="test_get_events_missing_date_from" time="0.045" /><testcase classname="backend.tests.test_calendar.TestCalendarEvents" name="test_get_events_missing_date_to" time="0.041" /><testcase classname="backend.tests.test_calendar.TestCalendarStats" name="test_get_stats_for_date" time="1.352" /><testcase classname="backend.tests.test_calendar.TestCalendarStats" name="test_get_stats_missing_date" time="0.039" /><testcase classname="backend.tests.test_calendar.TestAuthentication" name="test_login_success" time="0.920" /><testcase classname="backend.tests.test_calendar.TestAuthentication" name="test_login_invalid_credentials" time="2.554" /></testsuite></testsuites>