<?xml version="1.0" encoding="utf-8"?><testsuites name="pytest tests"><testsuite name="pytest" errors="0" failures="0" skipped="0" tests="13" time="19.338" timestamp="2026-03-11T16:25:51.995012+00:00" hostname="agent-env-492925cb-60dd-4d10-b7ed-dc8b4df1e62c"><testcase classname="tests.test_frozen_quantity_fix.TestProcessingFiltersFromPDH" name="test_on_laundry_filter_returns_pdh_items" time="3.240" /><testcase classname="tests.test_frozen_quantity_fix.TestProcessingFiltersFromPDH" name="test_on_wash_filter_returns_pdh_items" time="1.330" /><testcase classname="tests.test_frozen_quantity_fix.TestProcessingFiltersFromPDH" name="test_on_restoration_filter_returns_pdh_items" time="1.331" /><testcase classname="tests.test_frozen_quantity_fix.TestSpecificProductQuantities" name="test_TX9147_quantities" time="1.088" /><testcase classname="tests.test_frozen_quantity_fix.TestSpecificProductQuantities" name="test_TX8938_quantities" time="1.045" /><testcase classname="tests.test_frozen_quantity_fix.TestSpecificProductQuantities" name="test_TX9150_quantities" time="1.097" /><testcase classname="tests.test_frozen_quantity_fix.TestAvailableQtyCalculation" name="test_available_qty_formula" time="1.093" /><testcase classname="tests.test_frozen_quantity_fix.TestExistingEndpointsStillWork" name="test_catalog_families_still_works" time="1.050" /><testcase classname="tests.test_frozen_quantity_fix.TestExistingEndpointsStillWork" name="test_products_lite_still_works" time="0.684" /><testcase classname="tests.test_frozen_quantity_fix.TestExistingEndpointsStillWork" name="test_categories_still_works" time="0.919" /><testcase classname="tests.test_frozen_quantity_fix.TestExistingEndpointsStillWork" name="test_items_by_category_no_filter" time="1.171" /><testcase classname="tests.test_frozen_quantity_fix.TestFrozenQuantityConsistency" name="test_frozen_quantity_equals_pdh_sum" time="1.099" /><testcase classname="tests.test_frozen_quantity_fix.TestProcessingCountsByFilter" name="test_all_processing_filters_summary" time="4.112" /></testsuite></testsuites>