<?xml version="1.0" encoding="utf-8"?><testsuites name="pytest tests"><testsuite name="pytest" errors="0" failures="0" skipped="0" tests="12" time="36.366" timestamp="2026-03-15T18:00:14.912231+00:00" hostname="agent-env-2625e11c-9e9c-48a9-936e-aa9dfdca5c4d"><testcase classname="backend.tests.test_close_month_feature.TestCloseMonthFeature" name="test_01_get_monthly_reports_list" time="3.686" /><testcase classname="backend.tests.test_close_month_feature.TestCloseMonthFeature" name="test_02_close_month_feb_2026" time="2.379" /><testcase classname="backend.tests.test_close_month_feature.TestCloseMonthFeature" name="test_03_close_month_duplicate_returns_409" time="1.460" /><testcase classname="backend.tests.test_close_month_feature.TestCloseMonthFeature" name="test_04_get_reports_list_contains_new_report" time="1.443" /><testcase classname="backend.tests.test_close_month_feature.TestCloseMonthFeature" name="test_05_get_report_detail" time="18.253" /><testcase classname="backend.tests.test_close_month_feature.TestCloseMonthFeature" name="test_06_delete_report" time="1.834" /><testcase classname="backend.tests.test_close_month_feature.TestCloseMonthFeature" name="test_07_verify_report_deleted" time="1.463" /><testcase classname="backend.tests.test_close_month_feature.TestCloseMonthFeature" name="test_08_close_month_missing_params" time="0.728" /><testcase classname="backend.tests.test_close_month_feature.TestReportDataStructure" name="test_income_section_structure" time="1.318" /><testcase classname="backend.tests.test_close_month_feature.TestReportDataStructure" name="test_deposits_section_structure" time="1.240" /><testcase classname="backend.tests.test_close_month_feature.TestReportDataStructure" name="test_expenses_section_structure" time="1.226" /><testcase classname="backend.tests.test_close_month_feature.TestReportDataStructure" name="test_summary_section_structure" time="1.245" /></testsuite></testsuites>