<?xml version="1.0" encoding="utf-8"?><testsuites name="pytest tests"><testsuite name="pytest" errors="0" failures="0" skipped="0" tests="11" time="9.238" timestamp="2026-02-16T13:45:50.098919+00:00" hostname="agent-env-2d68b725-bcd9-4033-86b5-2e9e008e6fd3"><testcase classname="backend.tests.test_clients_ma_bug_fix.TestClientsAPI" name="test_get_clients_list" time="0.697" /><testcase classname="backend.tests.test_clients_ma_bug_fix.TestClientsAPI" name="test_get_client_55_has_agreement" time="0.739" /><testcase classname="backend.tests.test_clients_ma_bug_fix.TestClientsAPI" name="test_get_client_53_no_agreement" time="0.646" /><testcase classname="backend.tests.test_clients_ma_bug_fix.TestClientsAPI" name="test_get_client_detail" time="1.052" /><testcase classname="backend.tests.test_clients_ma_bug_fix.TestClientsAPI" name="test_get_client_payers" time="0.676" /><testcase classname="backend.tests.test_clients_ma_bug_fix.TestMasterAgreementsAPI" name="test_get_client_agreement_exists" time="0.788" /><testcase classname="backend.tests.test_clients_ma_bug_fix.TestMasterAgreementsAPI" name="test_get_client_agreement_not_exists" time="0.794" /><testcase classname="backend.tests.test_clients_ma_bug_fix.TestMasterAgreementsAPI" name="test_get_agreements_list" time="0.686" /><testcase classname="backend.tests.test_clients_ma_bug_fix.TestMasterAgreementsAPI" name="test_get_agreement_detail" time="1.630" /><testcase classname="backend.tests.test_clients_ma_bug_fix.TestBugFixVerification" name="test_ma_linked_to_client_not_payer" time="0.816" /><testcase classname="backend.tests.test_clients_ma_bug_fix.TestBugFixVerification" name="test_client_list_includes_agreement_info" time="0.657" /></testsuite></testsuites>