<?xml version="1.0" encoding="utf-8"?><testsuites name="pytest tests"><testsuite name="pytest" errors="0" failures="5" skipped="0" tests="8" time="40.373" timestamp="2026-03-15T17:00:29.662232+00:00" hostname="agent-env-2625e11c-9e9c-48a9-936e-aa9dfdca5c4d"><testcase classname="backend.tests.test_return_settlement_documents.TestSettlementActBackend" name="test_settlement_act_preview_returns_200" time="31.597" /><testcase classname="backend.tests.test_return_settlement_documents.TestSettlementActBackend" name="test_settlement_act_pdf_returns_200" time="6.259" /><testcase classname="backend.tests.test_return_settlement_documents.TestSettlementActBackend" name="test_settlement_act_with_manager_override" time="1.591" /><testcase classname="backend.tests.test_return_settlement_documents.TestSettlementActBackend" name="test_settlement_act_nonexistent_order_returns_404" time="0.122"><failure message="AssertionError: Expected 404, got 503&#10;assert 503 == 404&#10; +  where 503 = &lt;Response [503]&gt;.status_code">backend/tests/test_return_settlement_documents.py:55: in test_settlement_act_nonexistent_order_returns_404
    assert response.status_code == 404, f"Expected 404, got {response.status_code}"
E   AssertionError: Expected 404, got 503
E   assert 503 == 404
E    +  where 503 = &lt;Response [503]&gt;.status_code</failure></testcase><testcase classname="backend.tests.test_return_settlement_documents.TestSettlementActBackend" name="test_settlement_act_contains_financial_sections" time="0.142"><failure message="assert 503 == 200&#10; +  where 503 = &lt;Response [503]&gt;.status_code">backend/tests/test_return_settlement_documents.py:61: in test_settlement_act_contains_financial_sections
    assert response.status_code == 200
E   assert 503 == 200
E    +  where 503 = &lt;Response [503]&gt;.status_code</failure></testcase><testcase classname="backend.tests.test_return_settlement_documents.TestReturnActBackend" name="test_generate_return_act_endpoint_exists" time="0.119"><failure message="AssertionError: Unexpected status: 503&#10;assert 503 in [200, 201, 400, 404, 500]&#10; +  where 503 = &lt;Response [503]&gt;.status_code">backend/tests/test_return_settlement_documents.py:94: in test_generate_return_act_endpoint_exists
    assert response.status_code in [200, 201, 400, 404, 500], f"Unexpected status: {response.status_code}"
E   AssertionError: Unexpected status: 503
E   assert 503 in [200, 201, 400, 404, 500]
E    +  where 503 = &lt;Response [503]&gt;.status_code</failure></testcase><testcase classname="backend.tests.test_return_settlement_documents.TestLoginAndAuth" name="test_login_returns_access_token" time="0.120"><failure message="AssertionError: Login failed: 503&#10;assert 503 == 200&#10; +  where 503 = &lt;Response [503]&gt;.status_code">backend/tests/test_return_settlement_documents.py:114: in test_login_returns_access_token
    assert response.status_code == 200, f"Login failed: {response.status_code}"
E   AssertionError: Login failed: 503
E   assert 503 == 200
E    +  where 503 = &lt;Response [503]&gt;.status_code</failure></testcase><testcase classname="backend.tests.test_return_settlement_documents.TestOrderData" name="test_order_7396_exists" time="0.265"><failure message="AssertionError: Order 7396 not found: 503&#10;assert 503 == 200&#10; +  where 503 = &lt;Response [503]&gt;.status_code">backend/tests/test_return_settlement_documents.py:140: in test_order_7396_exists
    assert response.status_code == 200, f"Order 7396 not found: {response.status_code}"
E   AssertionError: Order 7396 not found: 503
E   assert 503 == 200
E    +  where 503 = &lt;Response [503]&gt;.status_code</failure></testcase></testsuite></testsuites>