<?xml version="1.0" encoding="utf-8"?><testsuites name="pytest tests"><testsuite name="pytest" errors="0" failures="0" skipped="0" tests="11" time="44.164" timestamp="2026-03-11T19:18:46.924437+00:00" hostname="agent-env-2bcfb95b-b968-4bca-8786-c15538b7a8a4"><testcase classname="tests.test_clients_ui_redesign.TestClientPatchEndpoint" name="test_patch_client_is_regular_field" time="12.137" /><testcase classname="tests.test_clients_ui_redesign.TestClientPatchEndpoint" name="test_patch_client_rating_field" time="5.752" /><testcase classname="tests.test_clients_ui_redesign.TestClientPatchEndpoint" name="test_patch_client_company_field" time="5.257" /><testcase classname="tests.test_clients_ui_redesign.TestClientPatchEndpoint" name="test_patch_client_instagram_field" time="5.149" /><testcase classname="tests.test_clients_ui_redesign.TestClientPatchEndpoint" name="test_patch_client_internal_notes_field" time="5.341" /><testcase classname="tests.test_clients_ui_redesign.TestClientPatchEndpoint" name="test_patch_multiple_crm_fields_at_once" time="5.714" /><testcase classname="tests.test_clients_ui_redesign.TestClientListEndpoint" name="test_clients_list_returns_200" time="0.834" /><testcase classname="tests.test_clients_ui_redesign.TestClientListEndpoint" name="test_clients_list_has_table_view_fields" time="0.838" /><testcase classname="tests.test_clients_ui_redesign.TestClientListEndpoint" name="test_clients_list_filter_by_regular" time="0.853" /><testcase classname="tests.test_clients_ui_redesign.TestClientDetailEndpoint" name="test_client_detail_has_drawer_fields" time="1.124" /><testcase classname="tests.test_clients_ui_redesign.TestClientDetailEndpoint" name="test_client_detail_rating_is_integer" time="1.072" /></testsuite></testsuites>