<?xml version="1.0" encoding="utf-8"?><testsuites name="pytest tests"><testsuite name="pytest" errors="0" failures="0" skipped="0" tests="10" time="125.157" timestamp="2026-03-26T09:15:24.821589+00:00" hostname="agent-env-71cc633e-5410-4cac-9285-36c3c023a8c1"><testcase classname="backend.tests.test_damage_features.TestDashboardOverviewDamageFields" name="test_dashboard_overview_returns_200" time="19.651" /><testcase classname="backend.tests.test_damage_features.TestDashboardOverviewDamageFields" name="test_dashboard_overview_has_issue_cards" time="16.547" /><testcase classname="backend.tests.test_damage_features.TestDashboardOverviewDamageFields" name="test_issue_cards_have_damage_fields" time="16.106" /><testcase classname="backend.tests.test_damage_features.TestDashboardOverviewDamageFields" name="test_damage_fields_structure" time="15.894" /><testcase classname="backend.tests.test_damage_features.TestOrderDetailsDamageHistory" name="test_order_7386_has_damage_history" time="1.881" /><testcase classname="backend.tests.test_damage_features.TestOrderDetailsDamageHistory" name="test_order_items_have_damage_fields" time="5.698" /><testcase classname="backend.tests.test_damage_features.TestOrderDetailsDamageHistory" name="test_damage_history_record_structure" time="1.863" /><testcase classname="backend.tests.test_damage_features.TestReturnCardsDamageBadge" name="test_issued_cards_have_damage_fields" time="15.926" /><testcase classname="backend.tests.test_damage_features.TestDamageEnrichmentLogic" name="test_damage_enrichment_batch_query" time="15.815" /><testcase classname="backend.tests.test_damage_features.TestDamageEnrichmentLogic" name="test_damage_photos_limited_to_6" time="15.669" /></testsuite></testsuites>