<?xml version="1.0" encoding="utf-8"?><testsuites name="pytest tests"><testsuite name="pytest" errors="0" failures="0" skipped="0" tests="18" time="54.905" timestamp="2026-03-11T18:38:58.419141+00:00" hostname="agent-env-2bcfb95b-b968-4bca-8786-c15538b7a8a4"><testcase classname="backend.tests.test_clients_crm_fields.TestClientsList" name="test_list_clients_returns_200" time="3.513" /><testcase classname="backend.tests.test_clients_crm_fields.TestClientsList" name="test_list_clients_returns_array" time="0.609" /><testcase classname="backend.tests.test_clients_crm_fields.TestClientsList" name="test_list_clients_has_new_crm_fields" time="0.605" /><testcase classname="backend.tests.test_clients_crm_fields.TestClientsList" name="test_list_clients_search_by_company" time="0.613" /><testcase classname="backend.tests.test_clients_crm_fields.TestClientsList" name="test_list_clients_search_by_instagram" time="0.607" /><testcase classname="backend.tests.test_clients_crm_fields.TestClientDetail" name="test_get_client_detail_returns_200" time="1.010" /><testcase classname="backend.tests.test_clients_crm_fields.TestClientDetail" name="test_get_client_detail_has_all_crm_fields" time="1.009" /><testcase classname="backend.tests.test_clients_crm_fields.TestClientDetail" name="test_get_client_detail_has_correct_types" time="0.998" /><testcase classname="backend.tests.test_clients_crm_fields.TestClientDetail" name="test_get_client_detail_has_stats" time="0.991" /><testcase classname="backend.tests.test_clients_crm_fields.TestClientDetail" name="test_get_client_not_found" time="0.592" /><testcase classname="backend.tests.test_clients_crm_fields.TestClientUpdate" name="test_update_is_regular_field" time="5.344" /><testcase classname="backend.tests.test_clients_crm_fields.TestClientUpdate" name="test_update_rating_field" time="9.660" /><testcase classname="backend.tests.test_clients_crm_fields.TestClientUpdate" name="test_update_company_field" time="4.819" /><testcase classname="backend.tests.test_clients_crm_fields.TestClientUpdate" name="test_update_instagram_field" time="4.834" /><testcase classname="backend.tests.test_clients_crm_fields.TestClientUpdate" name="test_update_internal_notes_field" time="5.054" /><testcase classname="backend.tests.test_clients_crm_fields.TestClientUpdate" name="test_update_multiple_crm_fields_at_once" time="11.475" /><testcase classname="backend.tests.test_clients_crm_fields.TestClientCreate" name="test_create_client_with_crm_fields" time="1.993" /><testcase classname="backend.tests.test_clients_crm_fields.TestClientFilterRegular" name="test_filter_by_regular_clients_in_frontend" time="1.052" /></testsuite></testsuites>