<?xml version="1.0" encoding="utf-8"?><testsuites name="pytest tests"><testsuite name="pytest" errors="0" failures="0" skipped="0" tests="13" time="10.210" timestamp="2026-02-12T17:15:40.760907+00:00" hostname="agent-env-eea6960d-ca7a-457c-8ac1-a6ece6e916f2"><testcase classname="tests.test_email_provider_and_features.TestEmailProviderAbstraction" name="test_dummy_provider_is_default" time="0.048" /><testcase classname="tests.test_email_provider_and_features.TestEmailProviderAbstraction" name="test_dummy_provider_send_returns_success" time="0.101" /><testcase classname="tests.test_email_provider_and_features.TestEmailProviderAbstraction" name="test_resend_provider_not_configured_fallback" time="0.000" /><testcase classname="tests.test_email_provider_and_features.TestEmailProviderAbstraction" name="test_sendgrid_provider_not_configured_fallback" time="0.000" /><testcase classname="tests.test_email_provider_and_features.TestEmailEndpoints" name="test_send_email_endpoint_exists" time="3.309" /><testcase classname="tests.test_email_provider_and_features.TestEmailEndpoints" name="test_email_history_endpoint" time="1.486" /><testcase classname="tests.test_email_provider_and_features.TestEmailEndpoints" name="test_recent_emails_endpoint" time="1.515" /><testcase classname="tests.test_email_provider_and_features.TestAgreementExpiration" name="test_agreements_list_includes_valid_until" time="1.500" /><testcase classname="tests.test_email_provider_and_features.TestAgreementExpiration" name="test_agreement_detail_includes_expiration_info" time="2.183" /><testcase classname="tests.test_email_provider_and_features.TestDocumentPreviewPrintButton" name="test_print_button_in_frontend_code" time="0.000" /><testcase classname="tests.test_email_provider_and_features.TestPrintCSS" name="test_print_media_query_exists" time="0.000" /><testcase classname="tests.test_email_provider_and_features.TestExpirationBannerInUI" name="test_expiration_banner_code_exists" time="0.001" /><testcase classname="tests.test_email_provider_and_features.TestContractStatusBadge" name="test_contract_status_badge_code_exists" time="0.001" /></testsuite></testsuites>