<?xml version="1.0" encoding="utf-8"?><testsuites name="pytest tests"><testsuite name="pytest" errors="0" failures="1" skipped="0" tests="35" time="26.660" timestamp="2026-02-12T13:32:36.516068+00:00" hostname="agent-env-4ce3995c-7274-4c9d-ad42-328d0ab9d1ca"><testcase classname="backend.tests.test_phase3_documents_engine.TestMasterAgreementsAPI" name="test_list_agreements" time="2.394" /><testcase classname="backend.tests.test_phase3_documents_engine.TestMasterAgreementsAPI" name="test_list_agreements_filter_by_payer" time="0.542" /><testcase classname="backend.tests.test_phase3_documents_engine.TestMasterAgreementsAPI" name="test_list_agreements_filter_by_status" time="0.576" /><testcase classname="backend.tests.test_phase3_documents_engine.TestMasterAgreementsAPI" name="test_list_agreements_active_only" time="0.541" /><testcase classname="backend.tests.test_phase3_documents_engine.TestMasterAgreementsAPI" name="test_get_single_agreement" time="0.671" /><testcase classname="backend.tests.test_phase3_documents_engine.TestMasterAgreementsAPI" name="test_get_agreement_not_found" time="0.578" /><testcase classname="backend.tests.test_phase3_documents_engine.TestMasterAgreementsAPI" name="test_get_active_agreement_for_payer" time="0.536" /><testcase classname="backend.tests.test_phase3_documents_engine.TestMasterAgreementsAPI" name="test_get_active_agreement_for_payer_without_agreement" time="0.540" /><testcase classname="backend.tests.test_phase3_documents_engine.TestMasterAgreementsAPI" name="test_create_agreement_duplicate_check" time="0.667" /><testcase classname="backend.tests.test_phase3_documents_engine.TestMasterAgreementsAPI" name="test_update_agreement_status" time="1.337" /><testcase classname="backend.tests.test_phase3_documents_engine.TestMasterAgreementsAPI" name="test_update_agreement_invalid_status" time="0.540" /><testcase classname="backend.tests.test_phase3_documents_engine.TestOrderAnnexesAPI" name="test_list_annexes" time="0.539" /><testcase classname="backend.tests.test_phase3_documents_engine.TestOrderAnnexesAPI" name="test_list_annexes_filter_by_order" time="0.535" /><testcase classname="backend.tests.test_phase3_documents_engine.TestOrderAnnexesAPI" name="test_list_annexes_filter_by_agreement" time="0.535" /><testcase classname="backend.tests.test_phase3_documents_engine.TestOrderAnnexesAPI" name="test_get_single_annex" time="0.537" /><testcase classname="backend.tests.test_phase3_documents_engine.TestOrderAnnexesAPI" name="test_get_annex_not_found" time="0.537" /><testcase classname="backend.tests.test_phase3_documents_engine.TestOrderAnnexesAPI" name="test_get_latest_annex_for_order" time="0.535" /><testcase classname="backend.tests.test_phase3_documents_engine.TestOrderAnnexesAPI" name="test_get_latest_annex_for_order_without_annex" time="0.537" /><testcase classname="backend.tests.test_phase3_documents_engine.TestOrderAnnexesAPI" name="test_get_annex_history_for_order" time="0.539" /><testcase classname="backend.tests.test_phase3_documents_engine.TestOrderAnnexesAPI" name="test_generate_annex_order_without_payer_fails" time="0.538" /><testcase classname="backend.tests.test_phase3_documents_engine.TestOrderAnnexesAPI" name="test_generate_annex_duplicate_check" time="1.592" /><testcase classname="backend.tests.test_phase3_documents_engine.TestOrderAnnexesAPI" name="test_update_annex_status" time="1.647" /><testcase classname="backend.tests.test_phase3_documents_engine.TestOrderAnnexesAPI" name="test_update_annex_invalid_status" time="0.009" /><testcase classname="backend.tests.test_phase3_documents_engine.TestDocumentPolicyAPI" name="test_get_policy_matrix" time="0.010" /><testcase classname="backend.tests.test_phase3_documents_engine.TestDocumentPolicyAPI" name="test_check_document_availability_annex_with_payer" time="0.932" /><testcase classname="backend.tests.test_phase3_documents_engine.TestDocumentPolicyAPI" name="test_check_document_availability_annex_without_payer" time="0.536" /><testcase classname="backend.tests.test_phase3_documents_engine.TestDocumentPolicyAPI" name="test_check_document_availability_invoice_legal" time="0.929" /><testcase classname="backend.tests.test_phase3_documents_engine.TestDocumentPolicyAPI" name="test_check_document_availability_contract_rent" time="0.972" /><testcase classname="backend.tests.test_phase3_documents_engine.TestDocumentPolicyAPI" name="test_get_available_documents_for_order" time="0.930" /><testcase classname="backend.tests.test_phase3_documents_engine.TestDocumentPolicyAPI" name="test_get_available_documents_order_not_found" time="0.534" /><testcase classname="backend.tests.test_phase3_documents_engine.TestDocumentPolicyAPI" name="test_document_availability_based_on_order_status" time="0.931" /><testcase classname="backend.tests.test_phase3_documents_engine.TestDocumentPolicyAPI" name="test_document_availability_payer_type_restrictions" time="0.932" /><testcase classname="backend.tests.test_phase3_documents_engine.TestDocumentsEngineIntegration" name="test_agreement_annex_relationship" time="1.204" /><testcase classname="backend.tests.test_phase3_documents_engine.TestDocumentsEngineIntegration" name="test_annex_snapshot_immutability" time="0.535" /><testcase classname="backend.tests.test_phase3_documents_engine.TestDocumentsEngineIntegration" name="test_policy_context_completeness" time="0.931"><failure message="assert 2 == 1">backend/tests/test_phase3_documents_engine.py:752: in test_policy_context_completeness
    assert context["annex"]["id"] == EXISTING_ANNEX_ID
E   assert 2 == 1</failure></testcase></testsuite></testsuites>