<?xml version="1.0" encoding="utf-8"?><testsuites name="pytest tests"><testsuite name="pytest" errors="0" failures="1" skipped="0" tests="17" time="54.520" timestamp="2026-03-11T16:06:56.183934+00:00" hostname="agent-env-492925cb-60dd-4d10-b7ed-dc8b4df1e62c"><testcase classname="tests.test_catalog_performance.TestCatalogFamiliesOptimization" name="test_families_endpoint_returns_200" time="2.977" /><testcase classname="tests.test_catalog_performance.TestCatalogFamiliesOptimization" name="test_families_performance_under_5_seconds" time="0.713" /><testcase classname="tests.test_catalog_performance.TestCatalogFamiliesOptimization" name="test_families_data_structure" time="0.739" /><testcase classname="tests.test_catalog_performance.TestCatalogFamiliesOptimization" name="test_families_product_fields" time="0.717" /><testcase classname="tests.test_catalog_performance.TestProductsLiteEndpoint" name="test_products_lite_endpoint_returns_200" time="0.855" /><testcase classname="tests.test_catalog_performance.TestProductsLiteEndpoint" name="test_products_lite_minimal_fields" time="0.689" /><testcase classname="tests.test_catalog_performance.TestProductsLiteEndpoint" name="test_products_lite_faster_than_catalog" time="1.809" /><testcase classname="tests.test_catalog_performance.TestProductsLiteEndpoint" name="test_products_lite_returns_expected_count" time="0.827" /><testcase classname="tests.test_catalog_performance.TestMainCatalogEndpoint" name="test_catalog_endpoint_returns_200" time="0.817" /><testcase classname="tests.test_catalog_performance.TestMainCatalogEndpoint" name="test_catalog_with_reservations" time="1.072" /><testcase classname="tests.test_catalog_performance.TestMainCatalogEndpoint" name="test_catalog_search_filter" time="0.858" /><testcase classname="tests.test_catalog_performance.TestItemsByCategoryEndpoint" name="test_items_by_category_returns_200" time="1.211" /><testcase classname="tests.test_catalog_performance.TestItemsByCategoryEndpoint" name="test_items_by_category_data_structure" time="1.197" /><testcase classname="tests.test_catalog_performance.TestCategoriesEndpoint" name="test_categories_returns_200" time="0.955" /><testcase classname="tests.test_catalog_performance.TestCategoriesEndpoint" name="test_categories_data_structure" time="0.981" /><testcase classname="tests.test_catalog_performance.TestFamilyProductsEndpoint" name="test_family_products_requires_family_id" time="2.738" /><testcase classname="tests.test_catalog_performance.TestPerformanceBenchmarks" name="test_all_endpoints_performance" time="35.264"><failure message="AssertionError: Families endpoint took 15.322s, expected &lt;5s&#10;assert 15.322 &lt; 5">tests/test_catalog_performance.py:281: in test_all_endpoints_performance
    assert families_result["time_seconds"] &lt; 5, f"Families endpoint took {families_result['time_seconds']}s, expected &lt;5s"
E   AssertionError: Families endpoint took 15.322s, expected &lt;5s
E   assert 15.322 &lt; 5</failure></testcase></testsuite></testsuites>