<?xml version="1.0" encoding="utf-8"?><testsuites name="pytest tests"><testsuite name="pytest" errors="0" failures="0" skipped="0" tests="11" time="31.341" timestamp="2026-03-11T17:12:39.867972+00:00" hostname="agent-env-492925cb-60dd-4d10-b7ed-dc8b4df1e62c"><testcase classname="backend.tests.test_discount_calculation_fix.TestDiscountCalculationFix" name="test_01_get_order_initial_state" time="2.491" /><testcase classname="backend.tests.test_discount_calculation_fix.TestDiscountCalculationFix" name="test_02_put_orders_with_discount_fields" time="0.900" /><testcase classname="backend.tests.test_discount_calculation_fix.TestDiscountCalculationFix" name="test_03_verify_get_after_put" time="1.455" /><testcase classname="backend.tests.test_discount_calculation_fix.TestDecorOrdersDiscountFix" name="test_04_put_decor_orders_with_discount" time="1.835" /><testcase classname="backend.tests.test_discount_calculation_fix.TestDecorOrdersDiscountFix" name="test_05_verify_decor_orders_get" time="1.443" /><testcase classname="backend.tests.test_discount_calculation_fix.TestIdempotency" name="test_06_idempotency_save_3_times" time="5.188" /><testcase classname="backend.tests.test_discount_calculation_fix.TestZeroDiscount" name="test_07_get_orders_list" time="5.742" /><testcase classname="backend.tests.test_discount_calculation_fix.TestPercentOnlyDiscount" name="test_08_percent_only_discount" time="4.299" /><testcase classname="backend.tests.test_discount_calculation_fix.TestCatalogRegression" name="test_09_catalog_families_regression" time="1.974" /><testcase classname="backend.tests.test_discount_calculation_fix.TestCatalogRegression" name="test_10_catalog_items_by_category_regression" time="1.301" /><testcase classname="backend.tests.test_discount_calculation_fix.TestFieldMappingVerification" name="test_11_field_mapping_orders" time="4.650" /></testsuite></testsuites>