<?xml version="1.0" encoding="utf-8"?><testsuites name="pytest tests"><testsuite name="pytest" errors="0" failures="0" skipped="0" tests="24" time="54.069" timestamp="2026-03-11T20:29:03.512962+00:00" hostname="agent-env-2bcfb95b-b968-4bca-8786-c15538b7a8a4"><testcase classname="backend.tests.test_invoice_documents.TestAvailableInvoicesEndpoint" name="test_available_invoices_with_payer_returns_200" time="3.927" /><testcase classname="backend.tests.test_invoice_documents.TestAvailableInvoicesEndpoint" name="test_available_invoices_with_payer_has_payer_true" time="1.959" /><testcase classname="backend.tests.test_invoice_documents.TestAvailableInvoicesEndpoint" name="test_available_invoices_payer_has_display_name_fop_melnyk" time="1.981" /><testcase classname="backend.tests.test_invoice_documents.TestAvailableInvoicesEndpoint" name="test_available_invoices_has_two_types" time="2.022" /><testcase classname="backend.tests.test_invoice_documents.TestAvailableInvoicesEndpoint" name="test_available_invoices_without_payer_returns_200" time="1.910" /><testcase classname="backend.tests.test_invoice_documents.TestAvailableInvoicesEndpoint" name="test_available_invoices_without_payer_has_payer_false" time="2.294" /><testcase classname="backend.tests.test_invoice_documents.TestAvailableInvoicesEndpoint" name="test_available_invoices_without_payer_empty_types" time="1.927" /><testcase classname="backend.tests.test_invoice_documents.TestInvoicePaymentEndpoint" name="test_invoice_payment_preview_returns_200" time="2.195" /><testcase classname="backend.tests.test_invoice_documents.TestInvoicePaymentEndpoint" name="test_invoice_payment_preview_returns_html" time="2.775" /><testcase classname="backend.tests.test_invoice_documents.TestInvoicePaymentEndpoint" name="test_invoice_payment_contains_nikolenko_supplier" time="2.235" /><testcase classname="backend.tests.test_invoice_documents.TestInvoicePaymentEndpoint" name="test_invoice_payment_contains_melnyk_buyer" time="2.239" /><testcase classname="backend.tests.test_invoice_documents.TestInvoicePaymentEndpoint" name="test_invoice_payment_contains_prokat_dekoru" time="2.192" /><testcase classname="backend.tests.test_invoice_documents.TestInvoicePaymentEndpoint" name="test_invoice_payment_contains_amount" time="2.195" /><testcase classname="backend.tests.test_invoice_documents.TestInvoicePaymentEndpoint" name="test_invoice_payment_without_payer_returns_400" time="2.207" /><testcase classname="backend.tests.test_invoice_documents.TestServiceActEndpoint" name="test_service_act_preview_returns_200" time="2.204" /><testcase classname="backend.tests.test_invoice_documents.TestServiceActEndpoint" name="test_service_act_preview_returns_html" time="2.255" /><testcase classname="backend.tests.test_invoice_documents.TestServiceActEndpoint" name="test_service_act_contains_zatverdzhuju" time="2.243" /><testcase classname="backend.tests.test_invoice_documents.TestServiceActEndpoint" name="test_service_act_contains_nikolenko" time="2.201" /><testcase classname="backend.tests.test_invoice_documents.TestServiceActEndpoint" name="test_service_act_contains_melnyk" time="2.175" /><testcase classname="backend.tests.test_invoice_documents.TestServiceActEndpoint" name="test_service_act_contains_signatures_section" time="2.218" /><testcase classname="backend.tests.test_invoice_documents.TestServiceActEndpoint" name="test_service_act_contains_amount" time="2.277" /><testcase classname="backend.tests.test_invoice_documents.TestServiceActEndpoint" name="test_service_act_without_payer_returns_400" time="2.184" /><testcase classname="backend.tests.test_invoice_documents.TestPayerAutoDetection" name="test_payer_auto_detected_without_payer_id_param" time="2.245" /><testcase classname="backend.tests.test_invoice_documents.TestPayerAutoDetection" name="test_available_invoices_payer_has_type_field" time="1.912" /></testsuite></testsuites>