<?xml version="1.0" encoding="utf-8"?><testsuites name="pytest tests"><testsuite name="pytest" errors="0" failures="0" skipped="0" tests="14" time="31.854" timestamp="2026-03-15T10:48:36.609803+00:00" hostname="agent-env-178b6aac-de8c-4532-b932-f004a9fc4e68"><testcase classname="tests.test_invoice_offer_estimate.TestInvoiceOfferPreview" name="test_invoice_offer_7403_returns_html" time="5.056" /><testcase classname="tests.test_invoice_offer_estimate.TestInvoiceOfferPreview" name="test_invoice_offer_7403_has_bank_details_iban" time="2.002" /><testcase classname="tests.test_invoice_offer_estimate.TestInvoiceOfferPreview" name="test_invoice_offer_7403_has_bank_details_mfo" time="2.009" /><testcase classname="tests.test_invoice_offer_estimate.TestInvoiceOfferPreview" name="test_invoice_offer_7392_has_additional_service" time="1.985" /><testcase classname="tests.test_invoice_offer_estimate.TestInvoiceOfferPreview" name="test_invoice_offer_7392_has_additional_service_amount" time="2.025" /><testcase classname="tests.test_invoice_offer_estimate.TestInvoiceOfferPreview" name="test_invoice_offer_7338_has_service_fee" time="2.022" /><testcase classname="tests.test_invoice_offer_estimate.TestEstimatePreview" name="test_estimate_7392_returns_html" time="2.531" /><testcase classname="tests.test_invoice_offer_estimate.TestEstimatePreview" name="test_estimate_7392_has_additional_service" time="2.053" /><testcase classname="tests.test_invoice_offer_estimate.TestEstimatePreview" name="test_estimate_7338_has_service_fee" time="2.001" /><testcase classname="tests.test_invoice_offer_estimate.TestEstimatePreview" name="test_estimate_7403_returns_200" time="1.980" /><testcase classname="tests.test_invoice_offer_estimate.TestInvoiceOfferPDF" name="test_invoice_offer_pdf_endpoint_exists" time="2.054" /><testcase classname="tests.test_invoice_offer_estimate.TestDocumentsAdditionalServicesDB" name="test_invoice_offer_7392_additional_services_section" time="2.016" /><testcase classname="tests.test_invoice_offer_estimate.TestCompanyConfig" name="test_invoice_offer_has_company_name" time="1.977" /><testcase classname="tests.test_invoice_offer_estimate.TestCompanyConfig" name="test_invoice_offer_has_bank_section" time="2.029" /></testsuite></testsuites>